app/build/intermediates/manifest_merge_blame_file/debug/manifest-merger-blame-debug-report.txt
1<?xml version="1.0" encoding="utf-8"?>
2<manifest xmlns:android="http://schemas.android.com/apk/res/android"
3    package="com.simcoder.snapchatclone"
4    android:versionCode="1"
5    android:versionName="1.0" >
6
7    <uses-sdk
8        android:minSdkVersion="19"
8-->src\main\AndroidManifest.xml
9        android:targetSdkVersion="32" />
9-->src\main\AndroidManifest.xml
10
11    <uses-permission android:name="android.permission.CAMERA" />
11-->src\main\AndroidManifest.xml:6:5-65
11-->src\main\AndroidManifest.xml:6:22-62
12
13    <uses-feature android:name="android.hardware.camera" />
13-->src\main\AndroidManifest.xml:8:5-60
13-->src\main\AndroidManifest.xml:8:19-57
14    <uses-feature android:name="android.hardware.camera.autofocus" />
14-->src\main\AndroidManifest.xml:9:5-70
14-->src\main\AndroidManifest.xml:9:19-67
15
16    <uses-permission android:name="android.permission.WRITE_EXTERNAL_STORAGE" />
16-->[com.wonderkiln:camerakit:0.13.1] AndroidManifest.xml:10:5-81
16-->[com.wonderkiln:camerakit:0.13.1] AndroidManifest.xml:10:22-78
17    <uses-permission android:name="android.permission.RECORD_AUDIO" />
17-->[com.wonderkiln:camerakit:0.13.1] AndroidManifest.xml:12:5-71
17-->[com.wonderkiln:camerakit:0.13.1] AndroidManifest.xml:12:22-68
18
19    <uses-feature
19-->[com.wonderkiln:camerakit:0.13.1] AndroidManifest.xml:18:5-20:36
20        android:name="android.hardware.camera.front"
20-->[com.wonderkiln:camerakit:0.13.1] AndroidManifest.xml:19:9-53
21        android:required="false" />
21-->[com.wonderkiln:camerakit:0.13.1] AndroidManifest.xml:20:9-33
22    <uses-feature
22-->[com.wonderkiln:camerakit:0.13.1] AndroidManifest.xml:21:5-23:36
23        android:name="android.hardware.microphone"
23-->[com.wonderkiln:camerakit:0.13.1] AndroidManifest.xml:22:9-51
24        android:required="false" />
24-->[com.wonderkiln:camerakit:0.13.1] AndroidManifest.xml:23:9-33
25
26    <uses-permission android:name="android.permission.READ_EXTERNAL_STORAGE" /> <!-- Although the *SdkVersion is captured in gradle build files, this is required for non gradle builds -->
27    <!-- <uses-sdk android:minSdkVersion="14"/> -->
28    <uses-permission android:name="android.permission.ACCESS_NETWORK_STATE" />
28-->[com.google.firebase:firebase-database:20.0.5] AndroidManifest.xml:25:5-79
28-->[com.google.firebase:firebase-database:20.0.5] AndroidManifest.xml:25:22-76
29    <uses-permission android:name="android.permission.INTERNET" />
29-->[com.google.firebase:firebase-database:20.0.5] AndroidManifest.xml:26:5-67
29-->[com.google.firebase:firebase-database:20.0.5] AndroidManifest.xml:26:22-64
30    <uses-permission android:name="android.permission.WAKE_LOCK" />
30-->[com.google.android.gms:play-services-measurement-api:21.0.0] AndroidManifest.xml:24:5-68
30-->[com.google.android.gms:play-services-measurement-api:21.0.0] AndroidManifest.xml:24:22-65
31    <uses-permission android:name="com.google.android.gms.permission.AD_ID" />
31-->[com.google.android.gms:play-services-measurement-api:21.0.0] AndroidManifest.xml:25:5-79
31-->[com.google.android.gms:play-services-measurement-api:21.0.0] AndroidManifest.xml:25:22-76
32    <uses-permission android:name="com.google.android.finsky.permission.BIND_GET_INSTALL_REFERRER_SERVICE" />
32-->[com.google.android.gms:play-services-measurement:21.0.0] AndroidManifest.xml:26:5-110
32-->[com.google.android.gms:play-services-measurement:21.0.0] AndroidManifest.xml:26:22-107
33
34    <application
34-->src\main\AndroidManifest.xml:11:5-29:19
35        android:allowBackup="true"
35-->src\main\AndroidManifest.xml:13:9-35
36        android:appComponentFactory="androidx.core.app.CoreComponentFactory"
36-->[androidx.core:core:1.2.0] AndroidManifest.xml:24:18-86
37        android:debuggable="true"
38        android:icon="@mipmap/ic_launcher"
38-->src\main\AndroidManifest.xml:14:9-43
39        android:label="@string/app_name"
39-->src\main\AndroidManifest.xml:15:9-41
40        android:roundIcon="@mipmap/ic_launcher_round"
40-->src\main\AndroidManifest.xml:16:9-54
41        android:supportsRtl="true"
41-->src\main\AndroidManifest.xml:17:9-35
42        android:testOnly="true"
43        android:theme="@style/AppTheme" >
43-->src\main\AndroidManifest.xml:18:9-40
44        <activity
44-->src\main\AndroidManifest.xml:19:9-26:20
45            android:name="com.example.SnapChat.Login.LauncherActivity"
45-->src\main\AndroidManifest.xml:19:19-77
46            android:exported="true" >
46-->src\main\AndroidManifest.xml:20:13-36
47            <intent-filter>
47-->src\main\AndroidManifest.xml:21:13-25:29
48                <action android:name="android.intent.action.MAIN" />
48-->src\main\AndroidManifest.xml:22:17-69
48-->src\main\AndroidManifest.xml:22:25-66
49
50                <category android:name="android.intent.category.LAUNCHER" />
50-->src\main\AndroidManifest.xml:24:17-77
50-->src\main\AndroidManifest.xml:24:27-74
51            </intent-filter>
52        </activity>
53        <activity android:name="com.example.SnapChat.Login.AuthenticationActivity" />
53-->src\main\AndroidManifest.xml:27:9-86
53-->src\main\AndroidManifest.xml:27:19-83
54        <activity android:name="com.example.SnapChat.MainActivity" />
54-->src\main\AndroidManifest.xml:28:9-70
54-->src\main\AndroidManifest.xml:28:19-67
55
56        <service
56-->[com.google.firebase:firebase-database-ktx:19.6.0] AndroidManifest.xml:12:9-18:19
57            android:name="com.google.firebase.components.ComponentDiscoveryService"
57-->[com.google.firebase:firebase-database-ktx:19.6.0] AndroidManifest.xml:13:13-84
58            android:directBootAware="true"
58-->[com.google.firebase:firebase-common:20.1.1] AndroidManifest.xml:35:13-43
59            android:exported="false" >
59-->[com.google.firebase:firebase-database-ktx:19.6.0] AndroidManifest.xml:14:13-37
60            <meta-data
60-->[com.google.firebase:firebase-database-ktx:19.6.0] AndroidManifest.xml:15:13-17:85
61                android:name="com.google.firebase.components:com.google.firebase.database.ktx.FirebaseDatabaseKtxRegistrar"
61-->[com.google.firebase:firebase-database-ktx:19.6.0] AndroidManifest.xml:16:17-124
62                android:value="com.google.firebase.components.ComponentRegistrar" />
62-->[com.google.firebase:firebase-database-ktx:19.6.0] AndroidManifest.xml:17:17-82
63            <meta-data
63-->[com.google.firebase:firebase-database:20.0.5] AndroidManifest.xml:32:13-34:85
64                android:name="com.google.firebase.components:com.google.firebase.database.DatabaseRegistrar"
64-->[com.google.firebase:firebase-database:20.0.5] AndroidManifest.xml:33:17-109
65                android:value="com.google.firebase.components.ComponentRegistrar" />
65-->[com.google.firebase:firebase-database:20.0.5] AndroidManifest.xml:34:17-82
66            <meta-data
66-->[com.google.firebase:firebase-auth:21.0.6] AndroidManifest.xml:67:13-69:85
67                android:name="com.google.firebase.components:com.google.firebase.auth.FirebaseAuthRegistrar"
67-->[com.google.firebase:firebase-auth:21.0.6] AndroidManifest.xml:68:17-109
68                android:value="com.google.firebase.components.ComponentRegistrar" />
68-->[com.google.firebase:firebase-auth:21.0.6] AndroidManifest.xml:69:17-82
69            <meta-data
69-->[com.google.firebase:firebase-storage:20.0.1] AndroidManifest.xml:33:13-35:85
70                android:name="com.google.firebase.components:com.google.firebase.storage.StorageRegistrar"
70-->[com.google.firebase:firebase-storage:20.0.1] AndroidManifest.xml:34:17-107
71                android:value="com.google.firebase.components.ComponentRegistrar" />
71-->[com.google.firebase:firebase-storage:20.0.1] AndroidManifest.xml:35:17-82
72            <meta-data
72-->[com.google.firebase:firebase-common-ktx:19.5.0] AndroidManifest.xml:15:13-17:85
73                android:name="com.google.firebase.components:com.google.firebase.ktx.FirebaseCommonKtxRegistrar"
73-->[com.google.firebase:firebase-common-ktx:19.5.0] AndroidManifest.xml:16:17-113
74                android:value="com.google.firebase.components.ComponentRegistrar" />
74-->[com.google.firebase:firebase-common-ktx:19.5.0] AndroidManifest.xml:17:17-82
75            <meta-data
75-->[com.google.android.gms:play-services-measurement-api:21.0.0] AndroidManifest.xml:31:13-33:85
76                android:name="com.google.firebase.components:com.google.firebase.analytics.connector.internal.AnalyticsConnectorRegistrar"
76-->[com.google.android.gms:play-services-measurement-api:21.0.0] AndroidManifest.xml:32:17-139
77                android:value="com.google.firebase.components.ComponentRegistrar" />
77-->[com.google.android.gms:play-services-measurement-api:21.0.0] AndroidManifest.xml:33:17-82
78            <meta-data
78-->[com.google.firebase:firebase-installations:17.0.1] AndroidManifest.xml:18:13-20:85
79                android:name="com.google.firebase.components:com.google.firebase.installations.FirebaseInstallationsRegistrar"
79-->[com.google.firebase:firebase-installations:17.0.1] AndroidManifest.xml:19:17-127
80                android:value="com.google.firebase.components.ComponentRegistrar" />
80-->[com.google.firebase:firebase-installations:17.0.1] AndroidManifest.xml:20:17-82
81        </service>
82
83        <activity
83-->[com.google.firebase:firebase-auth:21.0.6] AndroidManifest.xml:27:9-44:20
84            android:name="com.google.firebase.auth.internal.GenericIdpActivity"
84-->[com.google.firebase:firebase-auth:21.0.6] AndroidManifest.xml:28:13-80
85            android:excludeFromRecents="true"
85-->[com.google.firebase:firebase-auth:21.0.6] AndroidManifest.xml:29:13-46
86            android:exported="true"
86-->[com.google.firebase:firebase-auth:21.0.6] AndroidManifest.xml:30:13-36
87            android:launchMode="singleTask"
87-->[com.google.firebase:firebase-auth:21.0.6] AndroidManifest.xml:31:13-44
88            android:theme="@android:style/Theme.Translucent.NoTitleBar" >
88-->[com.google.firebase:firebase-auth:21.0.6] AndroidManifest.xml:32:13-72
89            <intent-filter>
89-->[com.google.firebase:firebase-auth:21.0.6] AndroidManifest.xml:33:13-43:29
90                <action android:name="android.intent.action.VIEW" />
90-->[com.google.firebase:firebase-auth:21.0.6] AndroidManifest.xml:34:17-69
90-->[com.google.firebase:firebase-auth:21.0.6] AndroidManifest.xml:34:25-66
91
92                <category android:name="android.intent.category.DEFAULT" />
92-->[com.google.firebase:firebase-auth:21.0.6] AndroidManifest.xml:36:17-76
92-->[com.google.firebase:firebase-auth:21.0.6] AndroidManifest.xml:36:27-73
93                <category android:name="android.intent.category.BROWSABLE" />
93-->[com.google.firebase:firebase-auth:21.0.6] AndroidManifest.xml:37:17-78
93-->[com.google.firebase:firebase-auth:21.0.6] AndroidManifest.xml:37:27-75
94
95                <data
95-->[com.google.firebase:firebase-auth:21.0.6] AndroidManifest.xml:39:17-42:51
96                    android:host="firebase.auth"
96-->[com.google.firebase:firebase-auth:21.0.6] AndroidManifest.xml:40:21-49
97                    android:path="/"
97-->[com.google.firebase:firebase-auth:21.0.6] AndroidManifest.xml:41:21-37
98                    android:scheme="genericidp" />
98-->[com.google.firebase:firebase-auth:21.0.6] AndroidManifest.xml:42:21-48
99            </intent-filter>
100        </activity>
101        <activity
101-->[com.google.firebase:firebase-auth:21.0.6] AndroidManifest.xml:45:9-62:20
102            android:name="com.google.firebase.auth.internal.RecaptchaActivity"
102-->[com.google.firebase:firebase-auth:21.0.6] AndroidManifest.xml:46:13-79
103            android:excludeFromRecents="true"
103-->[com.google.firebase:firebase-auth:21.0.6] AndroidManifest.xml:47:13-46
104            android:exported="true"
104-->[com.google.firebase:firebase-auth:21.0.6] AndroidManifest.xml:48:13-36
105            android:launchMode="singleTask"
105-->[com.google.firebase:firebase-auth:21.0.6] AndroidManifest.xml:49:13-44
106            android:theme="@android:style/Theme.Translucent.NoTitleBar" >
106-->[com.google.firebase:firebase-auth:21.0.6] AndroidManifest.xml:50:13-72
107            <intent-filter>
107-->[com.google.firebase:firebase-auth:21.0.6] AndroidManifest.xml:51:13-61:29
108                <action android:name="android.intent.action.VIEW" />
108-->[com.google.firebase:firebase-auth:21.0.6] AndroidManifest.xml:34:17-69
108-->[com.google.firebase:firebase-auth:21.0.6] AndroidManifest.xml:34:25-66
109
110                <category android:name="android.intent.category.DEFAULT" />
110-->[com.google.firebase:firebase-auth:21.0.6] AndroidManifest.xml:36:17-76
110-->[com.google.firebase:firebase-auth:21.0.6] AndroidManifest.xml:36:27-73
111                <category android:name="android.intent.category.BROWSABLE" />
111-->[com.google.firebase:firebase-auth:21.0.6] AndroidManifest.xml:37:17-78
111-->[com.google.firebase:firebase-auth:21.0.6] AndroidManifest.xml:37:27-75
112
113                <data
113-->[com.google.firebase:firebase-auth:21.0.6] AndroidManifest.xml:39:17-42:51
114                    android:host="firebase.auth"
114-->[com.google.firebase:firebase-auth:21.0.6] AndroidManifest.xml:40:21-49
115                    android:path="/"
115-->[com.google.firebase:firebase-auth:21.0.6] AndroidManifest.xml:41:21-37
116                    android:scheme="recaptcha" />
116-->[com.google.firebase:firebase-auth:21.0.6] AndroidManifest.xml:42:21-48
117            </intent-filter>
118        </activity>
119
120        <provider
120-->[com.google.firebase:firebase-common:20.1.1] AndroidManifest.xml:26:9-31:39
121            android:name="com.google.firebase.provider.FirebaseInitProvider"
121-->[com.google.firebase:firebase-common:20.1.1] AndroidManifest.xml:27:13-77
122            android:authorities="com.simcoder.snapchatclone.firebaseinitprovider"
122-->[com.google.firebase:firebase-common:20.1.1] AndroidManifest.xml:28:13-72
123            android:directBootAware="true"
123-->[com.google.firebase:firebase-common:20.1.1] AndroidManifest.xml:29:13-43
124            android:exported="false"
124-->[com.google.firebase:firebase-common:20.1.1] AndroidManifest.xml:30:13-37
125            android:initOrder="100" />
125-->[com.google.firebase:firebase-common:20.1.1] AndroidManifest.xml:31:13-36
126
127        <activity
127-->[com.google.android.gms:play-services-base:18.0.1] AndroidManifest.xml:20:9-22:45
128            android:name="com.google.android.gms.common.api.GoogleApiActivity"
128-->[com.google.android.gms:play-services-base:18.0.1] AndroidManifest.xml:20:19-85
129            android:exported="false"
129-->[com.google.android.gms:play-services-base:18.0.1] AndroidManifest.xml:22:19-43
130            android:theme="@android:style/Theme.Translucent.NoTitleBar" />
130-->[com.google.android.gms:play-services-base:18.0.1] AndroidManifest.xml:21:19-78
131
132        <receiver
132-->[com.google.android.gms:play-services-measurement:21.0.0] AndroidManifest.xml:29:9-33:20
133            android:name="com.google.android.gms.measurement.AppMeasurementReceiver"
133-->[com.google.android.gms:play-services-measurement:21.0.0] AndroidManifest.xml:30:13-85
134            android:enabled="true"
134-->[com.google.android.gms:play-services-measurement:21.0.0] AndroidManifest.xml:31:13-35
135            android:exported="false" >
135-->[com.google.android.gms:play-services-measurement:21.0.0] AndroidManifest.xml:32:13-37
136        </receiver>
137
138        <service
138-->[com.google.android.gms:play-services-measurement:21.0.0] AndroidManifest.xml:35:9-38:40
139            android:name="com.google.android.gms.measurement.AppMeasurementService"
139-->[com.google.android.gms:play-services-measurement:21.0.0] AndroidManifest.xml:36:13-84
140            android:enabled="true"
140-->[com.google.android.gms:play-services-measurement:21.0.0] AndroidManifest.xml:37:13-35
141            android:exported="false" />
141-->[com.google.android.gms:play-services-measurement:21.0.0] AndroidManifest.xml:38:13-37
142        <service
142-->[com.google.android.gms:play-services-measurement:21.0.0] AndroidManifest.xml:39:9-43:72
143            android:name="com.google.android.gms.measurement.AppMeasurementJobService"
143-->[com.google.android.gms:play-services-measurement:21.0.0] AndroidManifest.xml:40:13-87
144            android:enabled="true"
144-->[com.google.android.gms:play-services-measurement:21.0.0] AndroidManifest.xml:41:13-35
145            android:exported="false"
145-->[com.google.android.gms:play-services-measurement:21.0.0] AndroidManifest.xml:42:13-37
146            android:permission="android.permission.BIND_JOB_SERVICE" />
146-->[com.google.android.gms:play-services-measurement:21.0.0] AndroidManifest.xml:43:13-69
147
148        <meta-data
148-->[com.google.android.gms:play-services-basement:18.0.0] AndroidManifest.xml:21:9-23:69
149            android:name="com.google.android.gms.version"
149-->[com.google.android.gms:play-services-basement:18.0.0] AndroidManifest.xml:22:13-58
150            android:value="@integer/google_play_services_version" />
150-->[com.google.android.gms:play-services-basement:18.0.0] AndroidManifest.xml:23:13-66
151    </application>
152
153</manifest>